<?xml version="1.0" encoding="UTF-8"?>
<testsuite xmlns:xsi="http://www.w3.org/2001/XMLSchema-instance" xsi:noNamespaceSchemaLocation="https://maven.apache.org/surefire/maven-surefire-plugin/xsd/surefire-test-report-3.0.xsd" version="3.0" name="selenium.TestRunner" time="57.009" tests="16" errors="0" skipped="0" failures="0">
  <properties>
[...]
</properties>
  <testcase name="Given User Opens chrome browser and launch url &quot;APP_URL&quot;" classname="| TC01 |" time="0.002">
    <system-err><![CDATA[Mar 14, 2024 11:07:45 PM org.openqa.selenium.remote.service.DriverService$Builder getLogOutput
INFO: Driver logs no longer sent to console by default; https://www.selenium.dev/documentation/webdriver/drivers/service/#setting-log-output
SLF4J: Failed to load class "org.slf4j.impl.StaticLoggerBinder".
SLF4J: Defaulting to no-operation (NOP) logger implementation
SLF4J: See http://www.slf4j.org/codes.html#StaticLoggerBinder for further details.
Mar 14, 2024 11:07:53 PM org.openqa.selenium.devtools.CdpVersionFinder findNearestMatch
WARNING: Unable to find CDP implementation matching 121
Mar 14, 2024 11:07:53 PM org.openqa.selenium.chromium.ChromiumDriver lambda$new$4
WARNING: Unable to find version of CDP to use for . You may need to include a dependency on a specific version of the CDP using something similar to `org.seleniumhq.selenium:selenium-devtools-v86:4.10.0` where the version ("v86") matches the version of the chromium-based browser you're using and the version number of the artifact is the same as Selenium's.
]]></system-err>
  </testcase>
  <testcase name="When User verifies the &quot;Google Flights - Find Cheap Flight Options &amp; Track Prices&quot;" classname="| TC01 |" time="0"/>
  <testcase name="And User clicks on trip type" classname="| TC01 |" time="0"/>
  <testcase name="And User clear data in test box &quot;FromCity&quot;" classname="| TC01 |" time="0"/>
  <testcase name="And User enters &quot;Chennai, Tamil Nadu, India&quot; data in Auto-Suggestion box &quot;FromCity&quot;" classname="| TC01 |" time="0"/>
  <testcase name="And User captutres screenprints &quot;TC01_From&quot;" classname="| TC01 |" time="0.001"/>
  <testcase name="And User enters &quot;Bengaluru, Karnataka, India&quot; data in Auto-Suggestion box &quot;ToCity&quot;" classname="| TC01 |" time="0"/>
  <testcase name="And User captutres screenprints &quot;TC01_To&quot;" classname="| TC01 |" time="0.004"/>
  <testcase name="And User enters date in TextBox &quot;DepatureDate&quot;" classname="| TC01 |" time="0.004"/>
  <testcase name="And User captutres screenprints &quot;TC01_DepatureDate&quot;" classname="| TC01 |" time="0.003"/>
  <testcase name="And User clicks on &quot;SearchButton&quot;" classname="| TC01 |" time="0.001"/>
  <testcase name="And User scroll down the page" classname="| TC01 |" time="0"/>
  <testcase name="And User captutres screenprints &quot;TC01_Search_Results&quot;" classname="| TC01 |" time="0"/>
  <testcase name="And User log the details of &quot;LowPrice&quot;" classname="| TC01 |" time="0"/>
  <testcase name="And User log the details of &quot;Airline_Service&quot;" classname="| TC01 |" time="0"/>
  <testcase name="" classname="| TC01 |" time="0.73"/>
</testsuite>